<?xml version="1.0" encoding="UTF-8"?>
<!-- Generated by org.testng.reporters.JUnitReportReporter -->
<testsuite hostname="MONO-HYD-LAP397" failures="0" tests="1" name="driver.methods.SwitchToWebView" time="57.843" errors="0" timestamp="2023-08-22T21:08:49 IST" skipped="0">
  <testcase classname="driver.methods.SwitchToWebView" name="tc1" time="57.843"/>
  <system-out/>
</testsuite> <!-- driver.methods.SwitchToWebView -->
