<?xml version="1.0" encoding="UTF-8"?>
<!-- Generated by org.testng.reporters.JUnitReportReporter -->
<testsuite hostname="MONO-HYD-LAP397" failures="0" tests="4" name="driver.methods.DataProvider" time="84.168" errors="0" timestamp="2023-10-19T15:30:44 IST" skipped="0">
  <testcase classname="driver.methods.DataProvider" name="testAppWithExcelData" time="20.044"/>
  <system-out/>
  <testcase classname="driver.methods.DataProvider" name="testAppWithExcelData" time="17.967"/>
  <system-out/>
  <testcase classname="driver.methods.DataProvider" name="testAppWithExcelData" time="18.543"/>
  <system-out/>
  <testcase classname="driver.methods.DataProvider" name="testAppWithExcelData" time="27.614"/>
  <system-out/>
</testsuite> <!-- driver.methods.DataProvider -->
